main.py - INFO - Starting Browser
main.py - INFO - Resturants(Name='OB Private', Stars='5.0 stars ', Reviews='2 reviews', Location='Address: 170 Westbourne Grove, London W11 2RW, United Kingdom ', Website='https://www.obprivate.co.uk/', PhoneNumber=' +44 20 3582 0223 ')
main.py - INFO - Saveing data...
main.py - DEBUG - Done saveing...
main.py - INFO - Duplicate data Found and Handled
main.py - INFO - Resturants(Name='Galvin La Chapelle', Stars='4.6 stars ', Reviews='2,703 reviews', Location='Address: 35 Spital Square, London E1 6DY, United Kingdom ', Website='https://galvinrestaurants.com/michelin-french-restaurant-city-london-galvin-la-chapelle/', PhoneNumber=' +44 20 7299 0400 ')
main.py - INFO - Saveing data...
main.py - DEBUG - Done saveing...
main.py - INFO - Resturants(Name='Mount St. Restaurant', Stars='4.6 stars ', Reviews='290 reviews', Location='Address: First Floor, 41-43 Mount St, London W1K 2RX, United Kingdom ', Website='http://www.mountstrestaurant.com/', PhoneNumber=' +44 20 3840 9860 ')
main.py - INFO - Saveing data...
main.py - DEBUG - Done saveing...
main.py - INFO - Resturants(Name='HIDE', Stars='4.5 stars ', Reviews='3,373 reviews', Location='Address: 85 Piccadilly, London W1J 7NB, United Kingdom ', Website='https://hide.co.uk/?utm_source=gbp&utm_medium=organic', PhoneNumber=' +44 20 3146 8666 ')
main.py - INFO - Saveing data...
main.py - DEBUG - Done saveing...
main.py - INFO - Resturants(Name='Carlotta', Stars='4.8 stars ', Reviews='7,161 reviews', Location='Address: 77-78 Marylebone High St, London W1U 5JX, United Kingdom ', Website='https://bigmammagroup.com/trattorias/carlotta?utm_source=google&utm_medium=organic&utm_campaign=mybusiness-website', PhoneNumber=' +44 20 4578 4370 ')
main.py - INFO - Saveing data...
main.py - DEBUG - Done saveing...
main.py - INFO - Resturants(Name='The Ivy', Stars='4.4 stars ', Reviews='4,215 reviews', Location='Address: 1-5 West St, London WC2H 9NQ, United Kingdom ', Website='https://the-ivy.co.uk/?utm_source=LocalGoogle&utm_medium=Organic', PhoneNumber='No phone number found')
main.py - INFO - Saveing data...
main.py - DEBUG - Done saveing...
main.py - INFO - Resturants(Name='Speedboat Bar', Stars='4.7 stars ', Reviews='3,557 reviews', Location='Address: 30 Rupert St, London W1D 6DL, United Kingdom ', Website='https://speedboatbar.co.uk/', PhoneNumber='No phone number found')
main.py - INFO - Saveing data...
main.py - DEBUG - Done saveing...
main.py - INFO - Resturants(Name='Scully', Stars='4.7 stars ', Reviews='907 reviews', Location="Address: 4 St James's Market, London SW1Y 4AH, United Kingdom ", Website='http://www.scullyrestaurant.com/', PhoneNumber=' +44 7359 519227 ')
main.py - INFO - Saveing data...
main.py - DEBUG - Done saveing...
main.py - INFO - Resturants(Name='The Ledbury', Stars='4.7 stars ', Reviews='1,593 reviews', Location='Address: 127 Ledbury Rd, London W11 2AQ, United Kingdom ', Website='https://www.theledbury.com/', PhoneNumber=' +44 20 7792 9090 ')
main.py - INFO - Saveing data...
main.py - DEBUG - Done saveing...
main.py - INFO - Execution time: 121.59
main.py - INFO - Starting Browser
main.py - ERROR - Page.goto: NS_ERROR_UNKNOWN_HOST
Call log:
navigating to "https://www.google.com/maps", waiting until "load"
Traceback (most recent call last):
  File "C:\Users\Tobi\Documents\google map\main.py", line 230, in <module>
    bot = GoogleBot("https://www.google.com/maps", "car park texas")
          ^^^^^^^^^^^^^^^^^^^^^^^^^^^^^^^^^^^^^^^^^^^^^^^^^^^^^^^^^^
  File "C:\Users\Tobi\Documents\google map\main.py", line 131, in __init__
    asyncio.run(self.main())
  File "C:\Users\Tobi\AppData\Local\Programs\Python\Python312\Lib\asyncio\runners.py", line 194, in run
    return runner.run(main)
           ^^^^^^^^^^^^^^^^
  File "C:\Users\Tobi\AppData\Local\Programs\Python\Python312\Lib\asyncio\runners.py", line 118, in run
    return self._loop.run_until_complete(task)
           ^^^^^^^^^^^^^^^^^^^^^^^^^^^^^^^^^^^
  File "C:\Users\Tobi\AppData\Local\Programs\Python\Python312\Lib\asyncio\base_events.py", line 687, in run_until_complete
    return future.result()
           ^^^^^^^^^^^^^^^
  File "C:\Users\Tobi\Documents\google map\main.py", line 38, in wrapper
    await func(*agrs, **kwargs)
  File "C:\Users\Tobi\Documents\google map\main.py", line 222, in main
    await self.browser()
  File "C:\Users\Tobi\Documents\google map\main.py", line 143, in browser
    await self.page.goto(self.url,timeout=90000)
  File "C:\Users\Tobi\AppData\Local\Programs\Python\Python312\Lib\site-packages\playwright\async_api\_generated.py", line 8810, in goto
    await self._impl_obj.goto(
  File "C:\Users\Tobi\AppData\Local\Programs\Python\Python312\Lib\site-packages\playwright\_impl\_page.py", line 524, in goto
    return await self._main_frame.goto(**locals_to_params(locals()))
           ^^^^^^^^^^^^^^^^^^^^^^^^^^^^^^^^^^^^^^^^^^^^^^^^^^^^^^^^^
  File "C:\Users\Tobi\AppData\Local\Programs\Python\Python312\Lib\site-packages\playwright\_impl\_frame.py", line 145, in goto
    await self._channel.send("goto", locals_to_params(locals()))
  File "C:\Users\Tobi\AppData\Local\Programs\Python\Python312\Lib\site-packages\playwright\_impl\_connection.py", line 59, in send
    return await self._connection.wrap_api_call(
           ^^^^^^^^^^^^^^^^^^^^^^^^^^^^^^^^^^^^^
  File "C:\Users\Tobi\AppData\Local\Programs\Python\Python312\Lib\site-packages\playwright\_impl\_connection.py", line 514, in wrap_api_call
    raise rewrite_error(error, f"{parsed_st['apiName']}: {error}") from None
playwright._impl._errors.Error: Page.goto: NS_ERROR_UNKNOWN_HOST
Call log:
navigating to "https://www.google.com/maps", waiting until "load"

main.py - INFO - Starting Browser
main.py - ERROR - Page.goto: NS_ERROR_NET_INTERRUPT
Call log:
navigating to "https://www.google.com/maps", waiting until "load"
Traceback (most recent call last):
  File "C:\Users\Tobi\Documents\google map\main.py", line 230, in <module>
    bot = GoogleBot("https://www.google.com/maps", "car park texas")
          ^^^^^^^^^^^^^^^^^^^^^^^^^^^^^^^^^^^^^^^^^^^^^^^^^^^^^^^^^^
  File "C:\Users\Tobi\Documents\google map\main.py", line 131, in __init__
    asyncio.run(self.main())
  File "C:\Users\Tobi\AppData\Local\Programs\Python\Python312\Lib\asyncio\runners.py", line 194, in run
    return runner.run(main)
           ^^^^^^^^^^^^^^^^
  File "C:\Users\Tobi\AppData\Local\Programs\Python\Python312\Lib\asyncio\runners.py", line 118, in run
    return self._loop.run_until_complete(task)
           ^^^^^^^^^^^^^^^^^^^^^^^^^^^^^^^^^^^
  File "C:\Users\Tobi\AppData\Local\Programs\Python\Python312\Lib\asyncio\base_events.py", line 687, in run_until_complete
    return future.result()
           ^^^^^^^^^^^^^^^
  File "C:\Users\Tobi\Documents\google map\main.py", line 38, in wrapper
    await func(*agrs, **kwargs)
  File "C:\Users\Tobi\Documents\google map\main.py", line 222, in main
    await self.browser()
  File "C:\Users\Tobi\Documents\google map\main.py", line 143, in browser
    await self.page.goto(self.url,timeout=90000)
  File "C:\Users\Tobi\AppData\Local\Programs\Python\Python312\Lib\site-packages\playwright\async_api\_generated.py", line 8810, in goto
    await self._impl_obj.goto(
  File "C:\Users\Tobi\AppData\Local\Programs\Python\Python312\Lib\site-packages\playwright\_impl\_page.py", line 524, in goto
    return await self._main_frame.goto(**locals_to_params(locals()))
           ^^^^^^^^^^^^^^^^^^^^^^^^^^^^^^^^^^^^^^^^^^^^^^^^^^^^^^^^^
  File "C:\Users\Tobi\AppData\Local\Programs\Python\Python312\Lib\site-packages\playwright\_impl\_frame.py", line 145, in goto
    await self._channel.send("goto", locals_to_params(locals()))
  File "C:\Users\Tobi\AppData\Local\Programs\Python\Python312\Lib\site-packages\playwright\_impl\_connection.py", line 59, in send
    return await self._connection.wrap_api_call(
           ^^^^^^^^^^^^^^^^^^^^^^^^^^^^^^^^^^^^^
  File "C:\Users\Tobi\AppData\Local\Programs\Python\Python312\Lib\site-packages\playwright\_impl\_connection.py", line 514, in wrap_api_call
    raise rewrite_error(error, f"{parsed_st['apiName']}: {error}") from None
playwright._impl._errors.Error: Page.goto: NS_ERROR_NET_INTERRUPT
Call log:
navigating to "https://www.google.com/maps", waiting until "load"

main.py - INFO - Starting Browser
main.py - INFO - Resturants(Name="The Parking Spot JFK - Uncovered Entrance (Formerly Park 'N Fly)", Stars='4.6 stars ', Reviews='3,169 reviews', Location='Address: 15850 John F Kennedy Blvd, Houston, TX 77032, United States ', Website='https://www.theparkingspot.com/locations/houston/iah', PhoneNumber=' +1 281-590-5173 ')
main.py - INFO - Saveing data...
main.py - DEBUG - Done saveing...
main.py - INFO - Duplicate data Found and Handled
main.py - ERROR - Locator.click: Timeout 30000ms exceeded.
Call log:
waiting for locator("div.id-content-container > #QA0Szd > div > div > div.w6VYqd > div:nth-child(2) >  div > div.e07Vkf.kA9KIf > div > div[role='main'] > div.m6QErb > div[role='feed']").locator("a.hfpxzc").nth(2)
  -   locator resolved to <a class="hfpxzc" aria-label="The Parking Spot 1 on Will Clayton" jsaction="pane.wfvdle28;focus:pane.wfvdle28;blur:pane.wfvdle28;auxclick:pane.wfvdle28;keydown:pane.wfvdle28;clickmod:pane.wfvdle28" jslog="12690;track:click,contextmenu;mutable:true;metadata:WyIwYWhVS0V3akw2ODNYeTV5TEF4VlFVMEVBSFc3RUNxMFE4QmNJVWlnQSIsbnVsbCwzXQ==" href="https://www.google.com/maps/place/The+Parking+Spot+1+on+Will+Clayton/data=!4m7!3m6!1s0x8640b38cefb5661f:0xcea190b7e1fdfbff!8m2!3d29.9857635!4d-95.3066862!16s%2Fg%2F…></a>
  - attempting click action
  -   waiting for element to be visible, enabled and stable
Traceback (most recent call last):
  File "C:\Users\Tobi\Documents\google map\main.py", line 230, in <module>
    if __name__ == '__main__':
                  ^^^^^^^^^^^^^
  File "C:\Users\Tobi\Documents\google map\main.py", line 131, in __init__
    asyncio.run(self.main())
  File "C:\Users\Tobi\AppData\Local\Programs\Python\Python312\Lib\asyncio\runners.py", line 194, in run
    return runner.run(main)
           ^^^^^^^^^^^^^^^^
  File "C:\Users\Tobi\AppData\Local\Programs\Python\Python312\Lib\asyncio\runners.py", line 118, in run
    return self._loop.run_until_complete(task)
           ^^^^^^^^^^^^^^^^^^^^^^^^^^^^^^^^^^^
  File "C:\Users\Tobi\AppData\Local\Programs\Python\Python312\Lib\asyncio\base_events.py", line 687, in run_until_complete
    return future.result()
           ^^^^^^^^^^^^^^^
  File "C:\Users\Tobi\Documents\google map\main.py", line 38, in wrapper
    await func(*agrs, **kwargs)
  File "C:\Users\Tobi\Documents\google map\main.py", line 223, in main
    async with async_playwright() as self.playwright:
        ^^^^^^^^^^^^^^^^^^^^^
  File "C:\Users\Tobi\Documents\google map\main.py", line 176, in navigate
    for div in self.itemList:
        ^^^^^^^^^^^^^^^^^
  File "C:\Users\Tobi\AppData\Local\Programs\Python\Python312\Lib\site-packages\playwright\async_api\_generated.py", line 15059, in click
    await self._impl_obj.click(
  File "C:\Users\Tobi\AppData\Local\Programs\Python\Python312\Lib\site-packages\playwright\_impl\_locator.py", line 156, in click
    return await self._frame.click(self._selector, strict=True, **params)
           ^^^^^^^^^^^^^^^^^^^^^^^^^^^^^^^^^^^^^^^^^^^^^^^^^^^^^^^^^^^^^^
  File "C:\Users\Tobi\AppData\Local\Programs\Python\Python312\Lib\site-packages\playwright\_impl\_frame.py", line 488, in click
    await self._channel.send("click", locals_to_params(locals()))
  File "C:\Users\Tobi\AppData\Local\Programs\Python\Python312\Lib\site-packages\playwright\_impl\_connection.py", line 59, in send
    return await self._connection.wrap_api_call(
           ^^^^^^^^^^^^^^^^^^^^^^^^^^^^^^^^^^^^^
  File "C:\Users\Tobi\AppData\Local\Programs\Python\Python312\Lib\site-packages\playwright\_impl\_connection.py", line 514, in wrap_api_call
    raise rewrite_error(error, f"{parsed_st['apiName']}: {error}") from None
playwright._impl._errors.TimeoutError: Locator.click: Timeout 30000ms exceeded.
Call log:
waiting for locator("div.id-content-container > #QA0Szd > div > div > div.w6VYqd > div:nth-child(2) >  div > div.e07Vkf.kA9KIf > div > div[role='main'] > div.m6QErb > div[role='feed']").locator("a.hfpxzc").nth(2)
  -   locator resolved to <a class="hfpxzc" aria-label="The Parking Spot 1 on Will Clayton" jsaction="pane.wfvdle28;focus:pane.wfvdle28;blur:pane.wfvdle28;auxclick:pane.wfvdle28;keydown:pane.wfvdle28;clickmod:pane.wfvdle28" jslog="12690;track:click,contextmenu;mutable:true;metadata:WyIwYWhVS0V3akw2ODNYeTV5TEF4VlFVMEVBSFc3RUNxMFE4QmNJVWlnQSIsbnVsbCwzXQ==" href="https://www.google.com/maps/place/The+Parking+Spot+1+on+Will+Clayton/data=!4m7!3m6!1s0x8640b38cefb5661f:0xcea190b7e1fdfbff!8m2!3d29.9857635!4d-95.3066862!16s%2Fg%2F…></a>
  - attempting click action
  -   waiting for element to be visible, enabled and stable

main.py - INFO - Starting Browser
main.py - INFO - typing search word
main.py - INFO - scrolling
main.py - INFO - Resturants(Name='The Parking Spot South', Stars='4.7 stars ', Reviews='3,231 reviews', Location='Address: 1945 Valley View Ln, Irving, TX 75061, United States ', Website='https://www.theparkingspot.com/locations/dallas/dfw?utm_source=gmbpanel&utm_medium=organic&utm_id=map', PhoneNumber=' +1 972-399-7768 ')
main.py - INFO - Saveing data...
main.py - DEBUG - Done saveing...
main.py - INFO - Duplicate data Found and Handled
main.py - INFO - Resturants(Name='EZ Cruise Parking', Stars='4.9 stars ', Reviews='7,203 reviews', Location='Address: 2727 Santa Fe Pl, Galveston, TX 77550, United States ', Website='https://www.ezcruiseparking.com/?utm_source=google&utm_medium=organic&utm_campaign=gbp', PhoneNumber=' +1 888-841-0841 ')
main.py - INFO - Saveing data...
main.py - DEBUG - Done saveing...
main.py - INFO - Resturants(Name="The Parking Spot JFK - Uncovered Entrance (Formerly Park 'N Fly)", Stars='4.6 stars ', Reviews='3,169 reviews', Location='Address: 15850 John F Kennedy Blvd, Houston, TX 77032, United States ', Website='https://www.theparkingspot.com/locations/houston/iah', PhoneNumber=' +1 281-590-5173 ')
main.py - INFO - Saveing data...
main.py - DEBUG - Done saveing...
main.py - INFO - Resturants(Name='The Parking Spot North', Stars='4.7 stars ', Reviews='2,495 reviews', Location='Address: 4505 Plaza Dr, Irving, TX 75063, United States ', Website='https://www.theparkingspot.com/locations/dallas/dfw?utm_source=gmbpanel&utm_medium=organic&utm_id=map', PhoneNumber=' +1 972-426-5239 ')
main.py - INFO - Saveing data...
main.py - DEBUG - Done saveing...
main.py - INFO - Resturants(Name='Elo Jones Texas Limited', Stars='4.6 stars ', Reviews='1,479 reviews', Location='Address: 1600 E Hwy 71, Austin, TX 78742, United States ', Website='https://www.theparkingspot.com/locations/austin?utm_source=gmbpanel&utm_medium=organic&utm_id=map', PhoneNumber=' +1 512-385-9343 ')
main.py - INFO - Saveing data...
main.py - DEBUG - Done saveing...
main.py - INFO - Resturants(Name='The Parking Spot West', Stars='4.6 stars ', Reviews='1,479 reviews', Location='Address: 1600 E Hwy 71, Austin, TX 78742, United States ', Website='https://www.theparkingspot.com/locations/austin?utm_source=gmbpanel&utm_medium=organic&utm_id=map', PhoneNumber=' +1 512-385-9343 ')
main.py - INFO - Saveing data...
main.py - DEBUG - Done saveing...
main.py - INFO - Resturants(Name='The Parking Spot 1', Stars='4.9 stars ', Reviews='3,432 reviews', Location='Address: 6900 Cedar Springs Rd, Dallas, TX 75235, United States ', Website='https://www.theparkingspot.com/locations/dallas/dal?utm_source=gmbpanel&utm_medium=organic&utm_id=map', PhoneNumber=' +1 214-350-2410 ')
main.py - INFO - Saveing data...
main.py - DEBUG - Done saveing...
main.py - INFO - Resturants(Name='The Parking Spot East', Stars='4.8 stars ', Reviews='2,143 reviews', Location='Address: 2935 E Hwy 71, Del Valle, TX 78617, United States ', Website='https://www.theparkingspot.com/locations/austin?utm_source=gmbpanel&utm_medium=organic&utm_id=map', PhoneNumber=' +1 512-389-9933 ')
main.py - INFO - Saveing data...
main.py - DEBUG - Done saveing...
main.py - INFO - Resturants(Name='The Parking Spot JFK - Covered Entrance', Stars='4.4 stars ', Reviews='3,451 reviews', Location='Address: 15800 John F Kennedy Blvd, Houston, TX 77032, United States ', Website='https://www.theparkingspot.com/locations/houston/iah?utm_source=gmbpanel&utm_medium=organic&utm_id=map', PhoneNumber=' +1 281-449-8585 ')
main.py - INFO - Saveing data...
main.py - DEBUG - Done saveing...
main.py - INFO - Resturants(Name='Fast Park & Relax AUS / ABIA', Stars='4.7 stars ', Reviews='1,856 reviews', Location='Address: 2300 Spirit of Texas Dr, Del Valle, TX 78617, United States ', Website='https://www.thefastpark.com/airport-parking/austin-aus-bergstrom-fpr', PhoneNumber=' +1 512-385-8877 ')
main.py - INFO - Saveing data...
main.py - DEBUG - Done saveing...
main.py - INFO - Resturants(Name='The Parking Spot 2', Stars='4.7 stars ', Reviews='1,270 reviews', Location='Address: 7601 Airport Blvd, Houston, TX 77061, United States ', Website='https://www.theparkingspot.com/locations/houston/hou?utm_source=gmbpanel&utm_medium=organic&utm_id=map', PhoneNumber=' +1 713-641-5993 ')
main.py - INFO - Saveing data...
main.py - DEBUG - Done saveing...
main.py - INFO - Resturants(Name='The Parking Spot 1 on Will Clayton', Stars='4.4 stars ', Reviews='1,554 reviews', Location='Address: 5727 Will Clayton Pkwy, Humble, TX 77338, United States ', Website='https://www.theparkingspot.com/locations/houston/iah?utm_source=gmbpanel&utm_medium=organic&utm_id=map', PhoneNumber=' +1 281-540-7644 ')
main.py - INFO - Saveing data...
main.py - DEBUG - Done saveing...
main.py - INFO - Duplicate data Found and Handled
main.py - INFO - Resturants(Name='Fast Park & Relax IAH', Stars='4.4 stars ', Reviews='2,040 reviews', Location='Address: 6655 Will Clayton Pkwy, Humble, TX 77338, United States ', Website='http://www.thefastpark.com/airport-parking/houston-bush-intercontinental-iah', PhoneNumber=' +1 281-446-8636 ')
main.py - INFO - Saveing data...
main.py - DEBUG - Done saveing...
main.py - INFO - Resturants(Name='Fast Park & Relax HOU', Stars='4.8 stars ', Reviews='1,295 reviews', Location='Address: 8202 Hansen Rd, Houston, TX 77075, United States ', Website='https://www.thefastpark.com/airport-parking/houston-hobby-hou', PhoneNumber=' +1 713-944-7275 ')
main.py - INFO - Saveing data...
main.py - DEBUG - Done saveing...
main.py - INFO - Resturants(Name="Pat's Public Parking", Stars='4.9 stars ', Reviews='35 reviews', Location='Address: 9016 Elroy Rd B, Del Valle, TX 78617, United States ', Website='https://www.portparking.com/?utm_source=google&utm_medium=organic&utm_campaign=gbp', PhoneNumber=' +1 855-435-7678 ')
main.py - INFO - Saveing data...
main.py - DEBUG - Done saveing...
main.py - INFO - Resturants(Name='Port Parking', Stars='5.0 stars ', Reviews='6,598 reviews', Location='Address: 202 37th St, Galveston, TX 77550, United States ', Website='https://www.portparking.com/?utm_source=google&utm_medium=organic&utm_campaign=gbp', PhoneNumber=' +1 855-435-7678 ')
main.py - INFO - Saveing data...
main.py - DEBUG - Done saveing...
main.py - INFO - Resturants(Name='Fine Airport Parking - Hobby 1 Garage', Stars='4.7 stars ', Reviews='1,084 reviews', Location='Address: 7979 Airport Blvd, Houston, TX 77061, United States ', Website='http://fineairportparking.com/hou', PhoneNumber=' +1 713-641-1438 ')
main.py - INFO - Saveing data...
main.py - DEBUG - Done saveing...
main.py - INFO - Resturants(Name='IAH Airport Ecopark Covered & Uncovered Parking', Stars='3.7 stars ', Reviews='2,316 reviews', Location='Address: 16152 John F Kennedy Blvd, Houston, TX 77032, United States ', Website='https://parking.com/houston/lot/ecopark-lot?utm_source=Yext&utm_medium=Yext&utm_campaign=Yext-TX', PhoneNumber=' +1 281-233-1883 ')
main.py - INFO - Saveing data...
main.py - DEBUG - Done saveing...
main.py - INFO - Resturants(Name='Park&Zoom', Stars='4.3 stars ', Reviews='518 reviews', Location='Address: 9518 Hotel Dr, Austin, TX 78719, United States ', Website='https://www.parkandzoom.com/', PhoneNumber=' +1 512-530-7275 ')
main.py - INFO - Saveing data...
main.py - DEBUG - Done saveing...
main.py - INFO - Resturants(Name='The Parking Spot Premium', Stars='4.6 stars ', Reviews='904 reviews', Location='Address: 5100 W John Carpenter Fwy, Irving, TX 75063, United States ', Website='https://www.theparkingspot.com/locations/dallas/dfw?utm_source=gmbpanel&utm_medium=organic&utm_id=map', PhoneNumber=' +1 972-929-7275 ')
main.py - INFO - Saveing data...
main.py - DEBUG - Done saveing...
main.py - INFO - Resturants(Name='Platinum Parking Wood Street Lot', Stars='2.8 stars ', Reviews='76 reviews', Location='Address: 1720 Wood St, Dallas, TX 75201, United States ', Website='https://fly2houston.com/hou/ecopark', PhoneNumber=' +1 281-233-1786 ')
main.py - INFO - Saveing data...
main.py - DEBUG - Done saveing...
main.py - INFO - Resturants(Name='Ecopark Hobby Airport', Stars='3.5 stars ', Reviews='142 reviews', Location='Address: 7800 Airport Blvd, Houston, TX 77061, United States ', Website='https://fly2houston.com/hou/ecopark', PhoneNumber=' +1 281-233-1786 ')
main.py - INFO - Saveing data...
main.py - DEBUG - Done saveing...
main.py - INFO - Resturants(Name='Lot C', Stars='4.1 stars ', Reviews='153 reviews', Location='Address: 2208 Preston St, Houston, TX 77002, United States ', Website='https://en.parkopedia.com/parking/lot/minute_maid_park_lot_c_vip/77002/houston/?arriving=202201201800&leaving=202201202000', PhoneNumber='No phone number found')
main.py - INFO - Saveing data...
main.py - DEBUG - Done saveing...
main.py - INFO - Resturants(Name='Galveston Cruise Parking - Lighthouse Cruise Parking', Stars='4.7 stars ', Reviews='1,220 reviews', Location='Address: 325 29th St, Galveston, TX 77550, United States ', Website='http://www.lighthouseparking.org/', PhoneNumber=' +1 409-454-4849 ')
main.py - INFO - Saveing data...
main.py - DEBUG - Done saveing...
main.py - INFO - Resturants(Name='Parking', Stars='2.0 stars ', Reviews='1 review', Location='Address: Dallas, TX 76051, United States ', Website='https://www.parkme.com/lot/315706/park-springs-arlington-tx', PhoneNumber=' +1 817-459-6777 ')
main.py - INFO - Saveing data...
main.py - DEBUG - Done saveing...
main.py - INFO - Resturants(Name='I-20 at Park Springs Park & Ride', Stars='4.5 stars ', Reviews='30 reviews', Location='Address: 3550 Interstate 20 W, Park Springs Blvd, Arlington, TX 76017, United States ', Website='https://www.parkme.com/lot/315706/park-springs-arlington-tx', PhoneNumber=' +1 817-459-6777 ')
main.py - INFO - Saveing data...
main.py - DEBUG - Done saveing...
main.py - INFO - Resturants(Name='Texas Medical Center Parking Garage 16', Stars='4.1 stars ', Reviews='13 reviews', Location='Address: 1100 Bates Ave, Houston, TX 77030, United States ', Website='https://www.tmc.edu/wp-content/uploads/2018/12/TMC_Visitor_Parking_Brochure_12212018.pdf', PhoneNumber=' +1 713-791-6161 ')
main.py - INFO - Saveing data...
main.py - DEBUG - Done saveing...
main.py - INFO - Duplicate data Found and Handled
main.py - INFO - Resturants(Name='Fine Airport Parking - IAH', Stars='4.4 stars ', Reviews='1,356 reviews', Location='Address: 3100 Greens Rd, Houston, TX 77032, United States ', Website='http://fineairportparking.com/iah', PhoneNumber=' +1 281-442-5600 ')
main.py - INFO - Saveing data...
main.py - DEBUG - Done saveing...
main.py - INFO - Resturants(Name='Park First of Texas, LLC', Stars='2.7 stars ', Reviews='11 reviews', Location='Address: 1110 Travis St, Houston, TX 77002, United States ', Website='http://www.parkfirstllc.com/', PhoneNumber=' +1 713-980-7275 ')
main.py - INFO - Saveing data...
main.py - DEBUG - Done saveing...
main.py - INFO - Resturants(Name='Domain Pink Garage', Stars='4.4 stars ', Reviews='179 reviews', Location='Address: 11600 Domain Dr, Austin, TX 78758, United States ', Website='http://www.discountcruiseparking.net/', PhoneNumber=' +1 877-215-7449 ')
main.py - INFO - Saveing data...
main.py - DEBUG - Done saveing...
main.py - INFO - Resturants(Name='Discount Cruise Parking', Stars='3.8 stars ', Reviews='372 reviews', Location='Address: 433 33rd St, Galveston, TX 77554, United States ', Website='http://www.discountcruiseparking.net/', PhoneNumber=' +1 877-215-7449 ')
main.py - INFO - Saveing data...
main.py - DEBUG - Done saveing...
main.py - INFO - Resturants(Name='New South Parking Texas', Stars='2.9 stars ', Reviews='40 reviews', Location='Address: N Terminal Rd, Houston, TX 77032, United States ', Website='http://www.newsouthparking-tx.com/', PhoneNumber=' +1 281-233-1730 ')
main.py - INFO - Saveing data...
main.py - DEBUG - Done saveing...
main.py - INFO - Resturants(Name='Ruiz Parking', Stars='4.9 stars ', Reviews='37 reviews', Location='Address: 9022 Elroy Rd, Del Valle, TX 78617, United States ', Website='https://www.carsparknow.com/Contact', PhoneNumber=' +1 214-302-9009 ')
main.py - INFO - Saveing data...
main.py - DEBUG - Done saveing...
main.py - INFO - Resturants(Name='C.A.R.S.', Stars='1.3 stars ', Reviews='32 reviews', Location='Address: 2015 McDaniel Dr, Dallas, TX 75212, United States ', Website='https://www.carsparknow.com/Contact', PhoneNumber=' +1 214-302-9009 ')
main.py - INFO - Saveing data...
main.py - DEBUG - Done saveing...
main.py - INFO - Resturants(Name='1112 Clay Garage', Stars='4.8 stars ', Reviews='219 reviews', Location='Address: 1112 Clay St, Houston, TX 77002, United States ', Website='https://www.1112claygarage.com/?utm_source=GBP&utm_medium=organic', PhoneNumber=' +1 713-654-4197 ')
main.py - INFO - Saveing data...
main.py - DEBUG - Done saveing...
main.py - INFO - Resturants(Name='Remote South', Stars='3.9 stars ', Reviews='391 reviews', Location='Address: 2400 S Airfield Dr, Dallas, TX 75261, United States ', Website='https://www.dfwairport.com/park/remote/', PhoneNumber=' +1 972-574-6004 ')
main.py - INFO - Saveing data...
main.py - DEBUG - Done saveing...
main.py - INFO - Resturants(Name='Port of Galveston Express Lot Cruise Parking', Stars='4.8 stars ', Reviews='925 reviews', Location='Address: 2702 Harborside Dr, Galveston, TX 77550, United States ', Website='https://www.portofgalveston.com/91/Cruise-Parking--General-Information', PhoneNumber=' +1 409-766-6163 ')
main.py - INFO - Saveing data...
main.py - DEBUG - Done saveing...
main.py - INFO - Resturants(Name='Dallas Arboretum - Parking Garage', Stars='4.2 stars ', Reviews='50 reviews', Location='Address: 8720 Garland Rd, Dallas, TX 75218, United States ', Website='https://www.dallasarboretum.org/visitor-information/directions-and-parking/', PhoneNumber=' +1 214-515-6615 ')
main.py - INFO - Saveing data...
main.py - DEBUG - Done saveing...
main.py - INFO - Resturants(Name='Dallas Love Field DAL Parking Garage B', Stars='4.0 stars ', Reviews='53 reviews', Location='Address: 8025-A Herb Kelleher Way, Dallas, TX 75235, United States ', Website='https://www.dallas-lovefield.com/passenger-services/parking-and-transportation/garages-valet', PhoneNumber=' +1 214-670-5683 ')
main.py - INFO - Saveing data...
main.py - DEBUG - Done saveing...
main.py - INFO - Resturants(Name='AUS Economy Parking', Stars='3.3 stars ', Reviews='231 reviews', Location='Address: 3600 Presidential Blvd, Austin, TX 78719, United States ', Website='https://www.abiaparking.com/economy-b-g/?utm_source=Yext&utm_medium=Yext&utm_campaign=Yext-ABIA', PhoneNumber=' +1 512-530-3300 ')
main.py - INFO - Saveing data...
main.py - DEBUG - Done saveing...
main.py - INFO - Resturants(Name='1000 Main Street Parking Garage', Stars='4.0 stars ', Reviews='28 reviews', Location='Address: 1000 Main St, Houston, TX 77002, United States ', Website='http://www.1000main.com/', PhoneNumber=' +1 713-382-2022 ')
main.py - INFO - Saveing data...
main.py - DEBUG - Done saveing...
main.py - INFO - Resturants(Name='Express South', Stars='3.2 stars ', Reviews='315 reviews', Location='Address: Express South Parking, 45 International Service Rd, Grapevine, TX 76051, United States ', Website='http://www.dfwairport.com/parking', PhoneNumber=' +1 972-973-3112 ')
main.py - INFO - Saveing data...
main.py - DEBUG - Done saveing...
main.py - INFO - Resturants(Name='PARK FAST', Stars='4.1 stars ', Reviews='24 reviews', Location='Address: 1821 N Pearl St, Dallas, TX 75201, United States ', Website='https://www.parkplaceparking.com/parking-lot-details/68', PhoneNumber=' +1 214-871-2283 ')
main.py - INFO - Saveing data...
main.py - DEBUG - Done saveing...
main.py - INFO - Resturants(Name='State of Texas Garage N', Stars='4.0 stars ', Reviews='31 reviews', Location='Address: 300 San Antonio St, Austin, TX 78701, United States ', Website='http://www.lazparking.com/', PhoneNumber=' +1 860-522-7641 ')
main.py - INFO - Saveing data...
main.py - DEBUG - Done saveing...
main.py - INFO - Execution time: 539.01 seconds...
